<?xml version="1.0" encoding="UTF-8"?>
<testsuite xmlns:xsi="http://www.w3.org/2001/XMLSchema-instance" xsi:noNamespaceSchemaLocation="https://maven.apache.org/surefire/maven-surefire-plugin/xsd/surefire-test-report-3.0.xsd" version="3.0" name="com.estore.EstoreApplicationTests" time="9.018" tests="1" errors="0" skipped="0" failures="0">
  <properties>
[...]
</properties>
  <testcase name="contextLoads" classname="com.estore.EstoreApplicationTests" time="0.955">
    <system-out><![CDATA[13:57:59.272 [main] INFO org.springframework.test.context.support.AnnotationConfigContextLoaderUtils -- Could not detect default configuration classes for test class [com.estore.EstoreApplicationTests]: EstoreApplicationTests does not declare any static, non-private, non-final, nested classes annotated with @Configuration.
13:57:59.422 [main] INFO org.springframework.boot.test.context.SpringBootTestContextBootstrapper -- Found @SpringBootConfiguration com.estore.EstoreApplication for test class com.estore.EstoreApplicationTests

  .   ____          _            __ _ _
 /\\ / ___'_ __ _ _(_)_ __  __ _ \ \ \ \
( ( )\___ | '_ | '_| | '_ \/ _` | \ \ \ \
 \\/  ___)| |_)| | | | | || (_| |  ) ) ) )
  '  |____| .__|_| |_|_| |_\__, | / / / /
 =========|_|==============|___/=/_/_/_/
 :: Spring Boot ::                (v3.2.0)

2026-05-01T13:58:00.259+08:00  INFO 82538 --- [estore-server] [           main] com.estore.EstoreApplicationTests        : Starting EstoreApplicationTests using Java 17.0.5 with PID 82538 (started by a2109164 in /Users/a2109164/Projects/dogFood/EStore/server)
2026-05-01T13:58:00.261+08:00 DEBUG 82538 --- [estore-server] [           main] com.estore.EstoreApplicationTests        : Running with Spring Boot v3.2.0, Spring v6.1.1
2026-05-01T13:58:00.263+08:00  INFO 82538 --- [estore-server] [           main] com.estore.EstoreApplicationTests        : The following 1 profile is active: "test"
2026-05-01T13:58:01.468+08:00  INFO 82538 --- [estore-server] [           main] .s.d.r.c.RepositoryConfigurationDelegate : Bootstrapping Spring Data JPA repositories in DEFAULT mode.
2026-05-01T13:58:01.552+08:00  INFO 82538 --- [estore-server] [           main] .s.d.r.c.RepositoryConfigurationDelegate : Finished Spring Data repository scanning in 76 ms. Found 8 JPA repository interfaces.
2026-05-01T13:58:02.157+08:00  INFO 82538 --- [estore-server] [           main] o.hibernate.jpa.internal.util.LogHelper  : HHH000204: Processing PersistenceUnitInfo [name: default]
2026-05-01T13:58:02.209+08:00  INFO 82538 --- [estore-server] [           main] org.hibernate.Version                    : HHH000412: Hibernate ORM core version 6.3.1.Final
2026-05-01T13:58:02.272+08:00  INFO 82538 --- [estore-server] [           main] o.h.c.internal.RegionFactoryInitiator    : HHH000026: Second-level cache disabled
2026-05-01T13:58:02.492+08:00  INFO 82538 --- [estore-server] [           main] o.s.o.j.p.SpringPersistenceUnitInfo      : No LoadTimeWeaver setup: ignoring JPA class transformer
2026-05-01T13:58:02.513+08:00  INFO 82538 --- [estore-server] [           main] com.zaxxer.hikari.HikariDataSource       : HikariPool-1 - Starting...
2026-05-01T13:58:02.821+08:00  INFO 82538 --- [estore-server] [           main] com.zaxxer.hikari.pool.HikariPool        : HikariPool-1 - Added connection conn0: url=jdbc:h2:mem:testdb user=SA
2026-05-01T13:58:02.824+08:00  INFO 82538 --- [estore-server] [           main] com.zaxxer.hikari.HikariDataSource       : HikariPool-1 - Start completed.
2026-05-01T13:58:02.855+08:00  WARN 82538 --- [estore-server] [           main] org.hibernate.orm.deprecation            : HHH90000025: H2Dialect does not need to be specified explicitly using 'hibernate.dialect' (remove the property setting and it will be selected by default)
2026-05-01T13:58:04.517+08:00  INFO 82538 --- [estore-server] [           main] o.h.e.t.j.p.i.JtaPlatformInitiator       : HHH000489: No JTA platform available (set 'hibernate.transaction.jta.platform' to enable JTA platform integration)
2026-05-01T13:58:04.537+08:00 DEBUG 82538 --- [estore-server] [           main] org.hibernate.SQL                        : 
    drop table if exists admins cascade 
2026-05-01T13:58:04.540+08:00 DEBUG 82538 --- [estore-server] [           main] org.hibernate.SQL                        : 
    drop table if exists categories cascade 
2026-05-01T13:58:04.541+08:00 DEBUG 82538 --- [estore-server] [           main] org.hibernate.SQL                        : 
    drop table if exists order_items cascade 
2026-05-01T13:58:04.541+08:00 DEBUG 82538 --- [estore-server] [           main] org.hibernate.SQL                        : 
    drop table if exists orders cascade 
2026-05-01T13:58:04.541+08:00 DEBUG 82538 --- [estore-server] [           main] org.hibernate.SQL                        : 
    drop table if exists products cascade 
2026-05-01T13:58:04.541+08:00 DEBUG 82538 --- [estore-server] [           main] org.hibernate.SQL                        : 
    drop table if exists shopping_carts cascade 
2026-05-01T13:58:04.541+08:00 DEBUG 82538 --- [estore-server] [           main] org.hibernate.SQL                        : 
    drop table if exists user_addresses cascade 
2026-05-01T13:58:04.541+08:00 DEBUG 82538 --- [estore-server] [           main] org.hibernate.SQL                        : 
    drop table if exists users cascade 
2026-05-01T13:58:04.550+08:00 DEBUG 82538 --- [estore-server] [           main] org.hibernate.SQL                        : 
    create table admins (
        status integer,
        create_time timestamp(6),
        id bigint generated by default as identity,
        update_time timestamp(6),
        avatar_url varchar(255),
        nickname varchar(255),
        password varchar(255) not null,
        username varchar(255) not null unique,
        primary key (id)
    )
2026-05-01T13:58:04.561+08:00 DEBUG 82538 --- [estore-server] [           main] org.hibernate.SQL                        : 
    create table categories (
        sort integer,
        status integer,
        create_time timestamp(6),
        id bigint generated by default as identity,
        update_time timestamp(6),
        icon varchar(255),
        name varchar(255) not null,
        primary key (id)
    )
2026-05-01T13:58:04.563+08:00 DEBUG 82538 --- [estore-server] [           main] org.hibernate.SQL                        : 
    create table order_items (
        product_price numeric(10,2),
        quantity integer,
        total_amount numeric(10,2),
        create_time timestamp(6),
        id bigint generated by default as identity,
        order_id bigint not null,
        product_id bigint not null,
        order_no varchar(255) not null,
        product_image varchar(255),
        product_name varchar(255) not null,
        primary key (id)
    )
2026-05-01T13:58:04.567+08:00 DEBUG 82538 --- [estore-server] [           main] org.hibernate.SQL                        : 
    create table orders (
        pay_amount numeric(10,2),
        status integer,
        total_amount numeric(10,2),
        address_id bigint not null,
        close_time timestamp(6),
        confirm_time timestamp(6),
        create_time timestamp(6),
        delivery_time timestamp(6),
        id bigint generated by default as identity,
        pay_time timestamp(6),
        update_time timestamp(6),
        user_id bigint not null,
        order_no varchar(255) not null unique,
        primary key (id)
    )
2026-05-01T13:58:04.569+08:00 DEBUG 82538 --- [estore-server] [           main] org.hibernate.SQL                        : 
    create table products (
        is_deleted integer,
        original_price numeric(10,2),
        price numeric(10,2),
        sales integer,
        status integer,
        stock integer,
        category_id bigint not null,
        create_time timestamp(6),
        id bigint generated by default as identity,
        update_time timestamp(6),
        description TEXT,
        main_image varchar(255),
        name varchar(255) not null,
        sub_images TEXT,
        primary key (id)
    )
2026-05-01T13:58:04.572+08:00 DEBUG 82538 --- [estore-server] [           main] org.hibernate.SQL                        : 
    create table shopping_carts (
        quantity integer,
        selected integer,
        create_time timestamp(6),
        id bigint generated by default as identity,
        product_id bigint not null,
        update_time timestamp(6),
        user_id bigint not null,
        primary key (id)
    )
2026-05-01T13:58:04.573+08:00 DEBUG 82538 --- [estore-server] [           main] org.hibernate.SQL                        : 
    create table user_addresses (
        is_default integer,
        create_time timestamp(6),
        id bigint generated by default as identity,
        update_time timestamp(6),
        user_id bigint not null,
        city varchar(255),
        detail varchar(255) not null,
        district varchar(255),
        name varchar(255) not null,
        phone varchar(255) not null,
        province varchar(255),
        primary key (id)
    )
2026-05-01T13:58:04.574+08:00 DEBUG 82538 --- [estore-server] [           main] org.hibernate.SQL                        : 
    create table users (
        gender integer,
        status integer,
        create_time timestamp(6),
        id bigint generated by default as identity,
        update_time timestamp(6),
        avatar_url varchar(255),
        nickname varchar(255),
        open_id varchar(255) not null unique,
        phone varchar(255),
        session_key varchar(255),
        union_id varchar(255),
        primary key (id)
    )
2026-05-01T13:58:04.590+08:00  INFO 82538 --- [estore-server] [           main] j.LocalContainerEntityManagerFactoryBean : Initialized JPA EntityManagerFactory for persistence unit 'default'
2026-05-01T13:58:06.075+08:00  WARN 82538 --- [estore-server] [           main] JpaBaseConfiguration$JpaWebConfiguration : spring.jpa.open-in-view is enabled by default. Therefore, database queries may be performed during view rendering. Explicitly configure spring.jpa.open-in-view to disable this warning
2026-05-01T13:58:06.118+08:00  WARN 82538 --- [estore-server] [           main] .s.s.UserDetailsServiceAutoConfiguration : 

Using generated security password: 60ce7e68-e7e2-4997-9e15-7da80e91ee3d

This generated password is for development use only. Your security configuration must be updated before running your application in production.

2026-05-01T13:58:06.621+08:00  INFO 82538 --- [estore-server] [           main] o.s.s.web.DefaultSecurityFilterChain     : Will secure any request with [org.springframework.security.web.session.DisableEncodeUrlFilter@162a5c4c, org.springframework.security.web.context.request.async.WebAsyncManagerIntegrationFilter@5f0bf0ed, org.springframework.security.web.context.SecurityContextHolderFilter@6821d4e1, org.springframework.security.web.header.HeaderWriterFilter@18c95fbb, org.springframework.web.filter.CorsFilter@6f9e6a85, org.springframework.security.web.authentication.logout.LogoutFilter@7e305953, org.springframework.security.web.savedrequest.RequestCacheAwareFilter@213c812a, org.springframework.security.web.servletapi.SecurityContextHolderAwareRequestFilter@25814d3c, org.springframework.security.web.authentication.AnonymousAuthenticationFilter@2e17a9e6, org.springframework.security.web.access.ExceptionTranslationFilter@4a561f7d, org.springframework.security.web.access.intercept.AuthorizationFilter@235d46b2]
2026-05-01T13:58:07.014+08:00  INFO 82538 --- [estore-server] [           main] com.estore.EstoreApplicationTests        : Started EstoreApplicationTests in 7.324 seconds (process running for 8.7)
]]></system-out>
  </testcase>
</testsuite>